[2024-09-22 15:07:18,296] {taskinstance.py:1032} INFO - Dependencies all met for <TaskInstance: Regions_ETL.conexion_BD manual__2024-09-22T15:07:10.150664+00:00 [queued]>
[2024-09-22 15:07:18,310] {taskinstance.py:1032} INFO - Dependencies all met for <TaskInstance: Regions_ETL.conexion_BD manual__2024-09-22T15:07:10.150664+00:00 [queued]>
[2024-09-22 15:07:18,311] {taskinstance.py:1238} INFO - 
--------------------------------------------------------------------------------
[2024-09-22 15:07:18,311] {taskinstance.py:1239} INFO - Starting attempt 1 of 6
[2024-09-22 15:07:18,312] {taskinstance.py:1240} INFO - 
--------------------------------------------------------------------------------
[2024-09-22 15:07:18,326] {taskinstance.py:1259} INFO - Executing <Task(PythonOperator): conexion_BD> on 2024-09-22 15:07:10.150664+00:00
[2024-09-22 15:07:18,331] {standard_task_runner.py:52} INFO - Started process 8625 to run task
[2024-09-22 15:07:18,334] {standard_task_runner.py:76} INFO - Running: ['***', 'tasks', 'run', 'Regions_ETL', 'conexion_BD', 'manual__2024-09-22T15:07:10.150664+00:00', '--job-id', '51', '--raw', '--subdir', 'DAGS_FOLDER/ETL_Regions.py', '--cfg-path', '/tmp/tmpqg65dog4', '--error-file', '/tmp/tmpa7mmc8f8']
[2024-09-22 15:07:18,335] {standard_task_runner.py:77} INFO - Job 51: Subtask conexion_BD
[2024-09-22 15:07:18,398] {logging_mixin.py:109} INFO - Running <TaskInstance: Regions_ETL.conexion_BD manual__2024-09-22T15:07:10.150664+00:00 [running]> on host 61d34902ebae
[2024-09-22 15:07:18,438] {warnings.py:99} WARNING - /home/***/.local/lib/python3.6/site-packages/***/utils/context.py:152: AirflowContextDeprecationWarning: Accessing 'execution_date' from the template is deprecated and will be removed in a future version. Please use 'data_interval_start' or 'logical_date' instead.
  warnings.warn(_create_deprecation_warning(key, self._deprecation_replacements[key]))

[2024-09-22 15:07:18,471] {taskinstance.py:1426} INFO - Exporting the following env vars:
AIRFLOW_CTX_DAG_OWNER=flores_laura14
AIRFLOW_CTX_DAG_ID=Regions_ETL
AIRFLOW_CTX_TASK_ID=conexion_BD
AIRFLOW_CTX_EXECUTION_DATE=2024-09-22T15:07:10.150664+00:00
AIRFLOW_CTX_DAG_RUN_ID=manual__2024-09-22T15:07:10.150664+00:00
[2024-09-22 15:07:18,472] {logging_mixin.py:109} INFO - Conectandose a la BD en la fecha: 2024-09-22 15
[2024-09-22 15:07:19,880] {logging_mixin.py:109} INFO - <connection object at 0x7f056032cb88; dsn: 'user=flores_laura14_coderhouse password=xxx dbname=data-engineer-database host=data-engineer-cluster.cyhh5bfevlmn.us-east-1.redshift.amazonaws.com port=5439', closed: 0>
[2024-09-22 15:07:19,881] {logging_mixin.py:109} INFO - Connected to Redshift successfully!
[2024-09-22 15:07:19,882] {python.py:175} INFO - Done. Returned value was: None
[2024-09-22 15:07:19,917] {taskinstance.py:1277} INFO - Marking task as SUCCESS. dag_id=Regions_ETL, task_id=conexion_BD, execution_date=20240922T150710, start_date=20240922T150718, end_date=20240922T150719
[2024-09-22 15:07:20,008] {local_task_job.py:154} INFO - Task exited with return code 0
[2024-09-22 15:07:20,133] {local_task_job.py:264} INFO - 1 downstream tasks scheduled from follow-on schedule check
