[2024-09-22 15:15:29,867] {taskinstance.py:1032} INFO - Dependencies all met for <TaskInstance: Regions_ETL.envio_mail manual__2024-09-22T15:07:10.150664+00:00 [queued]>
[2024-09-22 15:15:29,898] {taskinstance.py:1032} INFO - Dependencies all met for <TaskInstance: Regions_ETL.envio_mail manual__2024-09-22T15:07:10.150664+00:00 [queued]>
[2024-09-22 15:15:29,899] {taskinstance.py:1238} INFO - 
--------------------------------------------------------------------------------
[2024-09-22 15:15:29,899] {taskinstance.py:1239} INFO - Starting attempt 1 of 6
[2024-09-22 15:15:29,900] {taskinstance.py:1240} INFO - 
--------------------------------------------------------------------------------
[2024-09-22 15:15:29,930] {taskinstance.py:1259} INFO - Executing <Task(PythonOperator): envio_mail> on 2024-09-22 15:07:10.150664+00:00
[2024-09-22 15:15:29,941] {standard_task_runner.py:52} INFO - Started process 80 to run task
[2024-09-22 15:15:29,948] {standard_task_runner.py:76} INFO - Running: ['***', 'tasks', 'run', 'Regions_ETL', 'envio_mail', 'manual__2024-09-22T15:07:10.150664+00:00', '--job-id', '55', '--raw', '--subdir', 'DAGS_FOLDER/ETL_Regions.py', '--cfg-path', '/tmp/tmp2nkz7byw', '--error-file', '/tmp/tmpy1guxgvf']
[2024-09-22 15:15:29,950] {standard_task_runner.py:77} INFO - Job 55: Subtask envio_mail
[2024-09-22 15:15:30,095] {logging_mixin.py:109} INFO - Running <TaskInstance: Regions_ETL.envio_mail manual__2024-09-22T15:07:10.150664+00:00 [running]> on host 61d34902ebae
[2024-09-22 15:15:30,171] {warnings.py:99} WARNING - /home/***/.local/lib/python3.6/site-packages/***/utils/context.py:152: AirflowContextDeprecationWarning: Accessing 'execution_date' from the template is deprecated and will be removed in a future version. Please use 'data_interval_start' or 'logical_date' instead.
  warnings.warn(_create_deprecation_warning(key, self._deprecation_replacements[key]))

[2024-09-22 15:15:30,222] {taskinstance.py:1426} INFO - Exporting the following env vars:
AIRFLOW_CTX_DAG_OWNER=flores_laura14
AIRFLOW_CTX_DAG_ID=Regions_ETL
AIRFLOW_CTX_TASK_ID=envio_mail
AIRFLOW_CTX_EXECUTION_DATE=2024-09-22T15:07:10.150664+00:00
AIRFLOW_CTX_DAG_RUN_ID=manual__2024-09-22T15:07:10.150664+00:00
[2024-09-22 15:15:30,224] {logging_mixin.py:109} INFO - Enviando Email: 2024-09-22 15
[2024-09-22 15:15:36,072] {logging_mixin.py:109} INFO - El correo fue enviado de forma satisfactoria
[2024-09-22 15:15:36,088] {python.py:175} INFO - Done. Returned value was: None
[2024-09-22 15:15:36,125] {taskinstance.py:1277} INFO - Marking task as SUCCESS. dag_id=Regions_ETL, task_id=envio_mail, execution_date=20240922T150710, start_date=20240922T151529, end_date=20240922T151536
[2024-09-22 15:15:36,232] {local_task_job.py:154} INFO - Task exited with return code 0
[2024-09-22 15:15:36,342] {local_task_job.py:264} INFO - 0 downstream tasks scheduled from follow-on schedule check
