[2024-09-22 06:02:55,291] {taskinstance.py:1032} INFO - Dependencies all met for <TaskInstance: Regions_ETL.transformar_data manual__2024-09-22T06:02:50.468750+00:00 [queued]>
[2024-09-22 06:02:55,302] {taskinstance.py:1032} INFO - Dependencies all met for <TaskInstance: Regions_ETL.transformar_data manual__2024-09-22T06:02:50.468750+00:00 [queued]>
[2024-09-22 06:02:55,302] {taskinstance.py:1238} INFO - 
--------------------------------------------------------------------------------
[2024-09-22 06:02:55,303] {taskinstance.py:1239} INFO - Starting attempt 1 of 6
[2024-09-22 06:02:55,303] {taskinstance.py:1240} INFO - 
--------------------------------------------------------------------------------
[2024-09-22 06:02:55,315] {taskinstance.py:1259} INFO - Executing <Task(PythonOperator): transformar_data> on 2024-09-22 06:02:50.468750+00:00
[2024-09-22 06:02:55,319] {standard_task_runner.py:52} INFO - Started process 4022 to run task
[2024-09-22 06:02:55,322] {standard_task_runner.py:76} INFO - Running: ['***', 'tasks', 'run', 'Regions_ETL', 'transformar_data', 'manual__2024-09-22T06:02:50.468750+00:00', '--job-id', '41', '--raw', '--subdir', 'DAGS_FOLDER/ETL_Regions.py', '--cfg-path', '/tmp/tmptqt15nhp', '--error-file', '/tmp/tmp7jx_hv0m']
[2024-09-22 06:02:55,323] {standard_task_runner.py:77} INFO - Job 41: Subtask transformar_data
[2024-09-22 06:02:55,370] {logging_mixin.py:109} INFO - Running <TaskInstance: Regions_ETL.transformar_data manual__2024-09-22T06:02:50.468750+00:00 [running]> on host 61d34902ebae
[2024-09-22 06:02:55,399] {warnings.py:99} WARNING - /home/***/.local/lib/python3.6/site-packages/***/utils/context.py:152: AirflowContextDeprecationWarning: Accessing 'execution_date' from the template is deprecated and will be removed in a future version. Please use 'data_interval_start' or 'logical_date' instead.
  warnings.warn(_create_deprecation_warning(key, self._deprecation_replacements[key]))

[2024-09-22 06:02:55,421] {taskinstance.py:1426} INFO - Exporting the following env vars:
AIRFLOW_CTX_DAG_OWNER=flores_laura14
AIRFLOW_CTX_DAG_ID=Regions_ETL
AIRFLOW_CTX_TASK_ID=transformar_data
AIRFLOW_CTX_EXECUTION_DATE=2024-09-22T06:02:50.468750+00:00
AIRFLOW_CTX_DAG_RUN_ID=manual__2024-09-22T06:02:50.468750+00:00
[2024-09-22 06:02:55,422] {logging_mixin.py:109} INFO - Transformando la data para la fecha: 2024-09-22 6
[2024-09-22 06:02:55,850] {python.py:175} INFO - Done. Returned value was: None
[2024-09-22 06:02:55,860] {taskinstance.py:1277} INFO - Marking task as SUCCESS. dag_id=Regions_ETL, task_id=transformar_data, execution_date=20240922T060250, start_date=20240922T060255, end_date=20240922T060255
[2024-09-22 06:02:55,897] {local_task_job.py:154} INFO - Task exited with return code 0
[2024-09-22 06:02:55,941] {local_task_job.py:264} INFO - 1 downstream tasks scheduled from follow-on schedule check
