[2024-09-22 04:34:46,959] {taskinstance.py:1032} INFO - Dependencies all met for <TaskInstance: Regions_ETL.transformar_data manual__2024-09-22T04:34:42.241589+00:00 [queued]>
[2024-09-22 04:34:46,969] {taskinstance.py:1032} INFO - Dependencies all met for <TaskInstance: Regions_ETL.transformar_data manual__2024-09-22T04:34:42.241589+00:00 [queued]>
[2024-09-22 04:34:46,970] {taskinstance.py:1238} INFO - 
--------------------------------------------------------------------------------
[2024-09-22 04:34:46,970] {taskinstance.py:1239} INFO - Starting attempt 1 of 6
[2024-09-22 04:34:46,971] {taskinstance.py:1240} INFO - 
--------------------------------------------------------------------------------
[2024-09-22 04:34:46,983] {taskinstance.py:1259} INFO - Executing <Task(PythonOperator): transformar_data> on 2024-09-22 04:34:42.241589+00:00
[2024-09-22 04:34:46,988] {standard_task_runner.py:52} INFO - Started process 240 to run task
[2024-09-22 04:34:46,990] {standard_task_runner.py:76} INFO - Running: ['***', 'tasks', 'run', 'Regions_ETL', 'transformar_data', 'manual__2024-09-22T04:34:42.241589+00:00', '--job-id', '9', '--raw', '--subdir', 'DAGS_FOLDER/ETL_Regions.py', '--cfg-path', '/tmp/tmpl898jcbk', '--error-file', '/tmp/tmpxvyqvmn7']
[2024-09-22 04:34:46,991] {standard_task_runner.py:77} INFO - Job 9: Subtask transformar_data
[2024-09-22 04:34:47,039] {logging_mixin.py:109} INFO - Running <TaskInstance: Regions_ETL.transformar_data manual__2024-09-22T04:34:42.241589+00:00 [running]> on host 61d34902ebae
[2024-09-22 04:34:47,069] {warnings.py:99} WARNING - /home/***/.local/lib/python3.6/site-packages/***/utils/context.py:152: AirflowContextDeprecationWarning: Accessing 'execution_date' from the template is deprecated and will be removed in a future version. Please use 'data_interval_start' or 'logical_date' instead.
  warnings.warn(_create_deprecation_warning(key, self._deprecation_replacements[key]))

[2024-09-22 04:34:47,087] {taskinstance.py:1426} INFO - Exporting the following env vars:
AIRFLOW_CTX_DAG_OWNER=flores_laura14
AIRFLOW_CTX_DAG_ID=Regions_ETL
AIRFLOW_CTX_TASK_ID=transformar_data
AIRFLOW_CTX_EXECUTION_DATE=2024-09-22T04:34:42.241589+00:00
AIRFLOW_CTX_DAG_RUN_ID=manual__2024-09-22T04:34:42.241589+00:00
[2024-09-22 04:34:47,088] {logging_mixin.py:109} INFO - Transformando la data para la fecha: 2024-09-22 4
[2024-09-22 04:34:47,478] {python.py:175} INFO - Done. Returned value was: None
[2024-09-22 04:34:47,488] {taskinstance.py:1277} INFO - Marking task as SUCCESS. dag_id=Regions_ETL, task_id=transformar_data, execution_date=20240922T043442, start_date=20240922T043446, end_date=20240922T043447
[2024-09-22 04:34:47,525] {local_task_job.py:154} INFO - Task exited with return code 0
[2024-09-22 04:34:47,567] {local_task_job.py:264} INFO - 1 downstream tasks scheduled from follow-on schedule check
