[2024-09-22 15:15:24,113] {taskinstance.py:1032} INFO - Dependencies all met for <TaskInstance: Regions_ETL.cargar_data manual__2024-09-22T15:07:10.150664+00:00 [queued]>
[2024-09-22 15:15:24,148] {taskinstance.py:1032} INFO - Dependencies all met for <TaskInstance: Regions_ETL.cargar_data manual__2024-09-22T15:07:10.150664+00:00 [queued]>
[2024-09-22 15:15:24,149] {taskinstance.py:1238} INFO - 
--------------------------------------------------------------------------------
[2024-09-22 15:15:24,149] {taskinstance.py:1239} INFO - Starting attempt 2 of 6
[2024-09-22 15:15:24,150] {taskinstance.py:1240} INFO - 
--------------------------------------------------------------------------------
[2024-09-22 15:15:24,192] {taskinstance.py:1259} INFO - Executing <Task(PythonOperator): cargar_data> on 2024-09-22 15:07:10.150664+00:00
[2024-09-22 15:15:24,209] {standard_task_runner.py:52} INFO - Started process 78 to run task
[2024-09-22 15:15:24,216] {standard_task_runner.py:76} INFO - Running: ['***', 'tasks', 'run', 'Regions_ETL', 'cargar_data', 'manual__2024-09-22T15:07:10.150664+00:00', '--job-id', '54', '--raw', '--subdir', 'DAGS_FOLDER/ETL_Regions.py', '--cfg-path', '/tmp/tmpt3ffikwz', '--error-file', '/tmp/tmpq4ndggx0']
[2024-09-22 15:15:24,235] {standard_task_runner.py:77} INFO - Job 54: Subtask cargar_data
[2024-09-22 15:15:24,407] {logging_mixin.py:109} INFO - Running <TaskInstance: Regions_ETL.cargar_data manual__2024-09-22T15:07:10.150664+00:00 [running]> on host 61d34902ebae
[2024-09-22 15:15:24,483] {warnings.py:99} WARNING - /home/***/.local/lib/python3.6/site-packages/***/utils/context.py:152: AirflowContextDeprecationWarning: Accessing 'execution_date' from the template is deprecated and will be removed in a future version. Please use 'data_interval_start' or 'logical_date' instead.
  warnings.warn(_create_deprecation_warning(key, self._deprecation_replacements[key]))

[2024-09-22 15:15:24,527] {taskinstance.py:1426} INFO - Exporting the following env vars:
AIRFLOW_CTX_DAG_OWNER=flores_laura14
AIRFLOW_CTX_DAG_ID=Regions_ETL
AIRFLOW_CTX_TASK_ID=cargar_data
AIRFLOW_CTX_EXECUTION_DATE=2024-09-22T15:07:10.150664+00:00
AIRFLOW_CTX_DAG_RUN_ID=manual__2024-09-22T15:07:10.150664+00:00
[2024-09-22 15:15:24,529] {logging_mixin.py:109} INFO - Cargando la data para la fecha: 2024-09-22 15
[2024-09-22 15:15:24,613] {logging_mixin.py:109} INFO - (250, 9)
[2024-09-22 15:15:24,670] {logging_mixin.py:109} INFO -             name  population  ...  timezones                    etl_time
0  South Georgia          30  ...  UTC-02:00  2024-09-22 15:07:16.574314
1        Grenada      112519  ...  UTC-04:00  2024-09-22 15:07:16.574314
2    Switzerland     8654622  ...  UTC+01:00  2024-09-22 15:07:16.574314
3   Sierra Leone     7976985  ...        UTC  2024-09-22 15:07:16.574314
4        Hungary     9749763  ...  UTC+01:00  2024-09-22 15:07:16.574314

[5 rows x 9 columns]
[2024-09-22 15:15:27,104] {python.py:175} INFO - Done. Returned value was: None
[2024-09-22 15:15:27,129] {taskinstance.py:1277} INFO - Marking task as SUCCESS. dag_id=Regions_ETL, task_id=cargar_data, execution_date=20240922T150710, start_date=20240922T151524, end_date=20240922T151527
[2024-09-22 15:15:27,224] {local_task_job.py:154} INFO - Task exited with return code 0
[2024-09-22 15:15:27,287] {local_task_job.py:264} INFO - 1 downstream tasks scheduled from follow-on schedule check
