[2024-09-22 04:33:48,058] {taskinstance.py:1032} INFO - Dependencies all met for <TaskInstance: Regions_ETL.transformar_data scheduled__2024-09-21T00:00:00+00:00 [queued]>
[2024-09-22 04:33:48,078] {taskinstance.py:1032} INFO - Dependencies all met for <TaskInstance: Regions_ETL.transformar_data scheduled__2024-09-21T00:00:00+00:00 [queued]>
[2024-09-22 04:33:48,078] {taskinstance.py:1238} INFO - 
--------------------------------------------------------------------------------
[2024-09-22 04:33:48,079] {taskinstance.py:1239} INFO - Starting attempt 1 of 6
[2024-09-22 04:33:48,080] {taskinstance.py:1240} INFO - 
--------------------------------------------------------------------------------
[2024-09-22 04:33:48,098] {taskinstance.py:1259} INFO - Executing <Task(PythonOperator): transformar_data> on 2024-09-21 00:00:00+00:00
[2024-09-22 04:33:48,109] {standard_task_runner.py:52} INFO - Started process 192 to run task
[2024-09-22 04:33:48,112] {standard_task_runner.py:76} INFO - Running: ['***', 'tasks', 'run', 'Regions_ETL', 'transformar_data', 'scheduled__2024-09-21T00:00:00+00:00', '--job-id', '5', '--raw', '--subdir', 'DAGS_FOLDER/ETL_Regions.py', '--cfg-path', '/tmp/tmpkduzae65', '--error-file', '/tmp/tmpjac76lvt']
[2024-09-22 04:33:48,113] {standard_task_runner.py:77} INFO - Job 5: Subtask transformar_data
[2024-09-22 04:33:48,193] {logging_mixin.py:109} INFO - Running <TaskInstance: Regions_ETL.transformar_data scheduled__2024-09-21T00:00:00+00:00 [running]> on host 61d34902ebae
[2024-09-22 04:33:48,240] {warnings.py:99} WARNING - /home/***/.local/lib/python3.6/site-packages/***/utils/context.py:152: AirflowContextDeprecationWarning: Accessing 'execution_date' from the template is deprecated and will be removed in a future version. Please use 'data_interval_start' or 'logical_date' instead.
  warnings.warn(_create_deprecation_warning(key, self._deprecation_replacements[key]))

[2024-09-22 04:33:48,267] {taskinstance.py:1426} INFO - Exporting the following env vars:
AIRFLOW_CTX_DAG_OWNER=flores_laura14
AIRFLOW_CTX_DAG_ID=Regions_ETL
AIRFLOW_CTX_TASK_ID=transformar_data
AIRFLOW_CTX_EXECUTION_DATE=2024-09-21T00:00:00+00:00
AIRFLOW_CTX_DAG_RUN_ID=scheduled__2024-09-21T00:00:00+00:00
[2024-09-22 04:33:48,269] {logging_mixin.py:109} INFO - Transformando la data para la fecha: 2024-09-21 0
[2024-09-22 04:33:49,007] {python.py:175} INFO - Done. Returned value was: None
[2024-09-22 04:33:49,020] {taskinstance.py:1277} INFO - Marking task as SUCCESS. dag_id=Regions_ETL, task_id=transformar_data, execution_date=20240921T000000, start_date=20240922T043348, end_date=20240922T043349
[2024-09-22 04:33:49,050] {local_task_job.py:154} INFO - Task exited with return code 0
[2024-09-22 04:33:49,105] {local_task_job.py:264} INFO - 1 downstream tasks scheduled from follow-on schedule check
