[2024-09-18 17:55:31,101] {taskinstance.py:1179} INFO - Dependencies all met for <TaskInstance: Regions_ETL.cargar_data scheduled__2024-09-17T00:00:00+00:00 [queued]>
[2024-09-18 17:55:31,135] {taskinstance.py:1179} INFO - Dependencies all met for <TaskInstance: Regions_ETL.cargar_data scheduled__2024-09-17T00:00:00+00:00 [queued]>
[2024-09-18 17:55:31,136] {taskinstance.py:1376} INFO - 
--------------------------------------------------------------------------------
[2024-09-18 17:55:31,138] {taskinstance.py:1377} INFO - Starting attempt 1 of 6
[2024-09-18 17:55:31,151] {taskinstance.py:1378} INFO - 
--------------------------------------------------------------------------------
[2024-09-18 17:55:31,223] {taskinstance.py:1397} INFO - Executing <Task(PythonOperator): cargar_data> on 2024-09-17 00:00:00+00:00
[2024-09-18 17:55:31,231] {standard_task_runner.py:52} INFO - Started process 257 to run task
[2024-09-18 17:55:31,243] {standard_task_runner.py:79} INFO - Running: ['***', 'tasks', 'run', 'Regions_ETL', 'cargar_data', 'scheduled__2024-09-17T00:00:00+00:00', '--job-id', '14', '--raw', '--subdir', 'DAGS_FOLDER/ETL_Regions.py', '--cfg-path', '/tmp/tmphbff0428', '--error-file', '/tmp/tmphgyrylm5']
[2024-09-18 17:55:31,246] {standard_task_runner.py:80} INFO - Job 14: Subtask cargar_data
[2024-09-18 17:55:31,440] {task_command.py:371} INFO - Running <TaskInstance: Regions_ETL.cargar_data scheduled__2024-09-17T00:00:00+00:00 [running]> on host 3f545ced9117
[2024-09-18 17:55:31,545] {logging_mixin.py:115} WARNING - /home/***/.local/lib/python3.7/site-packages/***/utils/context.py:202 AirflowContextDeprecationWarning: Accessing 'execution_date' from the template is deprecated and will be removed in a future version. Please use 'data_interval_start' or 'logical_date' instead.
[2024-09-18 17:55:31,634] {taskinstance.py:1591} INFO - Exporting the following env vars:
AIRFLOW_CTX_DAG_OWNER=flores_laura14
AIRFLOW_CTX_DAG_ID=Regions_ETL
AIRFLOW_CTX_TASK_ID=cargar_data
AIRFLOW_CTX_EXECUTION_DATE=2024-09-17T00:00:00+00:00
AIRFLOW_CTX_TRY_NUMBER=1
AIRFLOW_CTX_DAG_RUN_ID=scheduled__2024-09-17T00:00:00+00:00
[2024-09-18 17:55:31,637] {logging_mixin.py:115} INFO - Cargando la data para la fecha: 2024-09-17 0
[2024-09-18 17:55:31,683] {logging_mixin.py:115} INFO - (250, 9)
[2024-09-18 17:55:31,733] {logging_mixin.py:115} INFO -                        name  population  ...  timezones                    etl_time
0                    Jordan    10203140  ...  UTC+03:00  2024-09-18 17:55:22.628820
1  Northern Mariana Islands       57557  ...  UTC+10:00  2024-09-18 17:55:22.628820
2                    Serbia     6908224  ...  UTC+01:00  2024-09-18 17:55:22.628820
3                   Andorra       77265  ...  UTC+01:00  2024-09-18 17:55:22.628820
4  Turks and Caicos Islands       38718  ...  UTC-04:00  2024-09-18 17:55:22.628820

[5 rows x 9 columns]
[2024-09-18 17:55:43,126] {python.py:173} INFO - Done. Returned value was: None
[2024-09-18 17:55:43,182] {taskinstance.py:1420} INFO - Marking task as SUCCESS. dag_id=Regions_ETL, task_id=cargar_data, execution_date=20240917T000000, start_date=20240918T175531, end_date=20240918T175543
[2024-09-18 17:55:43,259] {local_task_job.py:156} INFO - Task exited with return code 0
[2024-09-18 17:55:43,388] {local_task_job.py:273} INFO - 0 downstream tasks scheduled from follow-on schedule check
