[2024-09-20 18:38:13,091] {taskinstance.py:1032} INFO - Dependencies all met for <TaskInstance: Regions_ETL.conexion_BD manual__2024-09-20T18:37:59.009049+00:00 [queued]>
[2024-09-20 18:38:13,124] {taskinstance.py:1032} INFO - Dependencies all met for <TaskInstance: Regions_ETL.conexion_BD manual__2024-09-20T18:37:59.009049+00:00 [queued]>
[2024-09-20 18:38:13,126] {taskinstance.py:1238} INFO - 
--------------------------------------------------------------------------------
[2024-09-20 18:38:13,127] {taskinstance.py:1239} INFO - Starting attempt 1 of 6
[2024-09-20 18:38:13,128] {taskinstance.py:1240} INFO - 
--------------------------------------------------------------------------------
[2024-09-20 18:38:13,247] {taskinstance.py:1259} INFO - Executing <Task(PythonOperator): conexion_BD> on 2024-09-20 18:37:59.009049+00:00
[2024-09-20 18:38:13,264] {standard_task_runner.py:52} INFO - Started process 491 to run task
[2024-09-20 18:38:13,297] {standard_task_runner.py:76} INFO - Running: ['***', 'tasks', 'run', 'Regions_ETL', 'conexion_BD', 'manual__2024-09-20T18:37:59.009049+00:00', '--job-id', '16', '--raw', '--subdir', 'DAGS_FOLDER/ETL_Regions.py', '--cfg-path', '/tmp/tmp2un2q6rq', '--error-file', '/tmp/tmpdl9yyt3g']
[2024-09-20 18:38:13,302] {standard_task_runner.py:77} INFO - Job 16: Subtask conexion_BD
[2024-09-20 18:38:13,539] {logging_mixin.py:109} INFO - Running <TaskInstance: Regions_ETL.conexion_BD manual__2024-09-20T18:37:59.009049+00:00 [running]> on host 3c75c5b6d9e6
[2024-09-20 18:38:13,724] {warnings.py:110} WARNING - /home/***/.local/lib/python3.7/site-packages/***/utils/context.py:152: AirflowContextDeprecationWarning: Accessing 'execution_date' from the template is deprecated and will be removed in a future version. Please use 'data_interval_start' or 'logical_date' instead.
  warnings.warn(_create_deprecation_warning(key, self._deprecation_replacements[key]))

[2024-09-20 18:38:13,941] {taskinstance.py:1426} INFO - Exporting the following env vars:
AIRFLOW_CTX_DAG_OWNER=flores_laura14
AIRFLOW_CTX_DAG_ID=Regions_ETL
AIRFLOW_CTX_TASK_ID=conexion_BD
AIRFLOW_CTX_EXECUTION_DATE=2024-09-20T18:37:59.009049+00:00
AIRFLOW_CTX_DAG_RUN_ID=manual__2024-09-20T18:37:59.009049+00:00
[2024-09-20 18:38:13,951] {logging_mixin.py:109} INFO - Conectandose a la BD en la fecha: 2024-09-20 18
[2024-09-20 18:38:15,748] {logging_mixin.py:109} INFO - <connection object at 0x7f75c170a2f0; dsn: 'user=flores_laura14_coderhouse password=xxx dbname=data-engineer-database host=data-engineer-cluster.cyhh5bfevlmn.us-east-1.redshift.amazonaws.com port=5439', closed: 0>
[2024-09-20 18:38:15,749] {logging_mixin.py:109} INFO - Connected to Redshift successfully!
[2024-09-20 18:38:15,751] {python.py:175} INFO - Done. Returned value was: None
[2024-09-20 18:38:15,863] {taskinstance.py:1277} INFO - Marking task as SUCCESS. dag_id=Regions_ETL, task_id=conexion_BD, execution_date=20240920T183759, start_date=20240920T183813, end_date=20240920T183815
[2024-09-20 18:38:16,000] {local_task_job.py:154} INFO - Task exited with return code 0
[2024-09-20 18:38:16,367] {local_task_job.py:264} INFO - 0 downstream tasks scheduled from follow-on schedule check
