[2024-09-22 05:18:31,982] {taskinstance.py:1032} INFO - Dependencies all met for <TaskInstance: Regions_ETL.transformar_data manual__2024-09-22T05:18:27.243995+00:00 [queued]>
[2024-09-22 05:18:32,001] {taskinstance.py:1032} INFO - Dependencies all met for <TaskInstance: Regions_ETL.transformar_data manual__2024-09-22T05:18:27.243995+00:00 [queued]>
[2024-09-22 05:18:32,002] {taskinstance.py:1238} INFO - 
--------------------------------------------------------------------------------
[2024-09-22 05:18:32,002] {taskinstance.py:1239} INFO - Starting attempt 1 of 6
[2024-09-22 05:18:32,003] {taskinstance.py:1240} INFO - 
--------------------------------------------------------------------------------
[2024-09-22 05:18:32,022] {taskinstance.py:1259} INFO - Executing <Task(PythonOperator): transformar_data> on 2024-09-22 05:18:27.243995+00:00
[2024-09-22 05:18:32,028] {standard_task_runner.py:52} INFO - Started process 2034 to run task
[2024-09-22 05:18:32,032] {standard_task_runner.py:76} INFO - Running: ['***', 'tasks', 'run', 'Regions_ETL', 'transformar_data', 'manual__2024-09-22T05:18:27.243995+00:00', '--job-id', '23', '--raw', '--subdir', 'DAGS_FOLDER/ETL_Regions.py', '--cfg-path', '/tmp/tmpk8sov4yf', '--error-file', '/tmp/tmp9u6x39hh']
[2024-09-22 05:18:32,033] {standard_task_runner.py:77} INFO - Job 23: Subtask transformar_data
[2024-09-22 05:18:32,093] {logging_mixin.py:109} INFO - Running <TaskInstance: Regions_ETL.transformar_data manual__2024-09-22T05:18:27.243995+00:00 [running]> on host 61d34902ebae
[2024-09-22 05:18:32,134] {warnings.py:99} WARNING - /home/***/.local/lib/python3.6/site-packages/***/utils/context.py:152: AirflowContextDeprecationWarning: Accessing 'execution_date' from the template is deprecated and will be removed in a future version. Please use 'data_interval_start' or 'logical_date' instead.
  warnings.warn(_create_deprecation_warning(key, self._deprecation_replacements[key]))

[2024-09-22 05:18:32,161] {taskinstance.py:1426} INFO - Exporting the following env vars:
AIRFLOW_CTX_DAG_OWNER=flores_laura14
AIRFLOW_CTX_DAG_ID=Regions_ETL
AIRFLOW_CTX_TASK_ID=transformar_data
AIRFLOW_CTX_EXECUTION_DATE=2024-09-22T05:18:27.243995+00:00
AIRFLOW_CTX_DAG_RUN_ID=manual__2024-09-22T05:18:27.243995+00:00
[2024-09-22 05:18:32,162] {logging_mixin.py:109} INFO - Transformando la data para la fecha: 2024-09-22 5
[2024-09-22 05:18:32,591] {python.py:175} INFO - Done. Returned value was: None
[2024-09-22 05:18:32,601] {taskinstance.py:1277} INFO - Marking task as SUCCESS. dag_id=Regions_ETL, task_id=transformar_data, execution_date=20240922T051827, start_date=20240922T051831, end_date=20240922T051832
[2024-09-22 05:18:32,647] {local_task_job.py:154} INFO - Task exited with return code 0
[2024-09-22 05:18:32,688] {local_task_job.py:264} INFO - 1 downstream tasks scheduled from follow-on schedule check
