[2024-09-22 05:19:39,760] {taskinstance.py:1032} INFO - Dependencies all met for <TaskInstance: Regions_ETL.extraer_data manual__2024-09-22T05:19:38.441593+00:00 [queued]>
[2024-09-22 05:19:39,771] {taskinstance.py:1032} INFO - Dependencies all met for <TaskInstance: Regions_ETL.extraer_data manual__2024-09-22T05:19:38.441593+00:00 [queued]>
[2024-09-22 05:19:39,771] {taskinstance.py:1238} INFO - 
--------------------------------------------------------------------------------
[2024-09-22 05:19:39,772] {taskinstance.py:1239} INFO - Starting attempt 1 of 6
[2024-09-22 05:19:39,772] {taskinstance.py:1240} INFO - 
--------------------------------------------------------------------------------
[2024-09-22 05:19:39,787] {taskinstance.py:1259} INFO - Executing <Task(PythonOperator): extraer_data> on 2024-09-22 05:19:38.441593+00:00
[2024-09-22 05:19:39,790] {standard_task_runner.py:52} INFO - Started process 2090 to run task
[2024-09-22 05:19:39,793] {standard_task_runner.py:76} INFO - Running: ['***', 'tasks', 'run', 'Regions_ETL', 'extraer_data', 'manual__2024-09-22T05:19:38.441593+00:00', '--job-id', '26', '--raw', '--subdir', 'DAGS_FOLDER/ETL_Regions.py', '--cfg-path', '/tmp/tmpawio_r0x', '--error-file', '/tmp/tmp8133l6zu']
[2024-09-22 05:19:39,794] {standard_task_runner.py:77} INFO - Job 26: Subtask extraer_data
[2024-09-22 05:19:39,844] {logging_mixin.py:109} INFO - Running <TaskInstance: Regions_ETL.extraer_data manual__2024-09-22T05:19:38.441593+00:00 [running]> on host 61d34902ebae
[2024-09-22 05:19:39,874] {warnings.py:99} WARNING - /home/***/.local/lib/python3.6/site-packages/***/utils/context.py:152: AirflowContextDeprecationWarning: Accessing 'execution_date' from the template is deprecated and will be removed in a future version. Please use 'data_interval_start' or 'logical_date' instead.
  warnings.warn(_create_deprecation_warning(key, self._deprecation_replacements[key]))

[2024-09-22 05:19:39,895] {taskinstance.py:1426} INFO - Exporting the following env vars:
AIRFLOW_CTX_DAG_OWNER=flores_laura14
AIRFLOW_CTX_DAG_ID=Regions_ETL
AIRFLOW_CTX_TASK_ID=extraer_data
AIRFLOW_CTX_EXECUTION_DATE=2024-09-22T05:19:38.441593+00:00
AIRFLOW_CTX_DAG_RUN_ID=manual__2024-09-22T05:19:38.441593+00:00
[2024-09-22 05:19:39,895] {logging_mixin.py:109} INFO - Adquiriendo data para la fecha: 2024-09-22 5
[2024-09-22 05:19:40,887] {logging_mixin.py:109} INFO - Success!
[2024-09-22 05:19:41,072] {python.py:175} INFO - Done. Returned value was: None
[2024-09-22 05:19:41,083] {taskinstance.py:1277} INFO - Marking task as SUCCESS. dag_id=Regions_ETL, task_id=extraer_data, execution_date=20240922T051938, start_date=20240922T051939, end_date=20240922T051941
[2024-09-22 05:19:41,130] {local_task_job.py:154} INFO - Task exited with return code 0
[2024-09-22 05:19:41,168] {local_task_job.py:264} INFO - 1 downstream tasks scheduled from follow-on schedule check
